#
# A fatal error has been detected by the Java Runtime Environment:
#
#  EXCEPTION_ACCESS_VIOLATION (0xc0000005) at pc=0x0000000002c41066, pid=10868, tid=0x00000000000023d4
#
# JRE version: Java(TM) SE Runtime Environment (8.0_231-b11) (build 1.8.0_231-b11)
# Java VM: Java HotSpot(TM) 64-Bit Server VM (25.231-b11 mixed mode windows-amd64 compressed oops)
# Problematic frame:
# C  [OpenAL64.dll+0x11066]
#
# Failed to write core dump. Minidumps are not enabled by default on client versions of Windows
#
# If you would like to submit a bug report, please visit:
#   http://bugreport.java.com/bugreport/crash.jsp
# The crash happened outside the Java Virtual Machine in native code.
# See problematic frame for where to report the bug.
#

---------------  T H R E A D  ---------------

Current thread (0x0000000002ef5800):  JavaThread "main" [_thread_in_native, id=9172, stack(0x0000000002df0000,0x0000000002ef0000)]

siginfo: ExceptionCode=0xc0000005, reading address 0x0000000022df8004

Registers:
RAX=0x0000000000000004, RBX=0x0000000024f50090, RCX=0x0000000022df8008, RDX=0x0000000022df8004
RSP=0x0000000002eebe50, RBP=0x00000000000000ff, RSI=0x0000000022df562c, RDI=0x0000000000000000
R8 =0x0000000000000a76, R9 =0x0000000022df562c, R10=0x0000000003008c3b, R11=0x000000006c05cf70
R12=0x0000000000000001, R13=0x0000000023bcb1b0, R14=0x0000000002eebff0, R15=0x0000000002ef5800
RIP=0x0000000002c41066, EFLAGS=0x0000000000010202

Top of Stack: (sp=0x0000000002eebe50)
0x0000000002eebe50:   0000000000000000 000000001ea9f590
0x0000000002eebe60:   0000000002c27920 0000000002ef5800
0x0000000002eebe70:   0000000023bcb1b0 0000000000000000
0x0000000002eebe80:   0000000002ef5800 0000000002c27920
0x0000000002eebe90:   0000000023bcb1b0 0000000002eebff0
0x0000000002eebea0:   0000000002c288a0 000000006beec396
0x0000000002eebeb0:   0000000002eec788 0000000002c284b0
0x0000000002eebec0:   0000000002ef5800 0000000002eebff0
0x0000000002eebed0:   0000000023bcb1b0 0000000000000000
0x0000000002eebee0:   0000000022df562c 0000000000000248
0x0000000002eebef0:   0000000002eebfb8 0000000002c4248f
0x0000000002eebf00:   0000000024f50090 0000000024f50090
0x0000000002eebf10:   000000000000ac44 0000000000000004
0x0000000002eebf20:   0000000002ff7e70 0000000003008c67
0x0000000002eebf30:   0000000023bcb1b0 0000000002ff7e70
0x0000000002eebf40:   0000000002ff7e70 00000000030089ab 

Instructions: (pc=0x0000000002c41066)
0x0000000002c41046:   41 2b ec 81 3a 03 00 02 00 75 09 8b 01 89 84 24
0x0000000002c41056:   c8 00 00 00 49 83 c0 02 48 83 c1 08 4a 8d 14 86
0x0000000002c41066:   39 3a 75 af 4c 8d 84 24 c0 00 00 00 48 8d 15 d7
0x0000000002c41076:   2b 03 00 33 c9 e8 58 5f 00 00 b8 40 1f 00 00 4c 


Register to memory mapping:

RAX=0x0000000000000004 is an unknown value
RBX=0x0000000024f50090 is an unknown value
RCX=0x0000000022df8008 is an unknown value
RDX=0x0000000022df8004 is an unknown value
RSP=0x0000000002eebe50 is pointing into the stack for thread: 0x0000000002ef5800
RBP=0x00000000000000ff is an unknown value
RSI=0x0000000022df562c is an unknown value
RDI=0x0000000000000000 is an unknown value
R8 =0x0000000000000a76 is an unknown value
R9 =0x0000000022df562c is an unknown value
R10=0x0000000003008c3b is at code_begin+891 in an Interpreter codelet
method entry point (kind = native)  [0x00000000030088c0, 0x0000000003009280]  2496 bytes
R11=0x000000006c05cf70 is an unknown value
R12=0x0000000000000001 is an unknown value
R13={method} {0x0000000023bcb1b8} 'nalcCreateContext' '(JJ)J' in 'org/lwjgl/openal/ALC10'
R14=0x0000000002eebff0 is pointing into the stack for thread: 0x0000000002ef5800
R15=0x0000000002ef5800 is a thread


Stack: [0x0000000002df0000,0x0000000002ef0000],  sp=0x0000000002eebe50,  free space=1007k
Native frames: (J=compiled Java code, j=interpreted, Vv=VM code, C=native code)
C  [OpenAL64.dll+0x11066]
C  [OpenAL64.dll+0x1248f]
C  0x0000000003008c67

Java frames: (J=compiled Java code, j=interpreted, Vv=VM code)
j  org.lwjgl.openal.ALC10.nalcCreateContext(JJ)J+0
j  org.lwjgl.openal.ALC10.alcCreateContext(Lorg/lwjgl/openal/ALCdevice;Ljava/nio/IntBuffer;)Lorg/lwjgl/openal/ALCcontext;+8
j  org.lwjgl.openal.AL.init(Ljava/lang/String;IIZZ)V+69
j  org.lwjgl.openal.AL.create(Ljava/lang/String;IIZZ)V+246
j  org.lwjgl.openal.AL.create(Ljava/lang/String;IIZ)V+5
j  org.lwjgl.openal.AL.create()V+6
j  com.badlogic.gdx.backends.lwjgl.audio.OpenALAudio.<init>(III)V+114
j  com.badlogic.gdx.backends.lwjgl.LwjglApplication.<init>(Lcom/badlogic/gdx/ApplicationListener;Lcom/badlogic/gdx/backends/lwjgl/LwjglApplicationConfiguration;Lcom/badlogic/gdx/backends/lwjgl/LwjglGraphics;)V+120
j  com.badlogic.gdx.backends.lwjgl.LwjglApplication.<init>(Lcom/badlogic/gdx/ApplicationListener;Lcom/badlogic/gdx/backends/lwjgl/LwjglApplicationConfiguration;)V+11
j  org.uqbar.project.wollok.game.gameboard.WollokGDXApplication.<init>(Lorg/uqbar/project/wollok/game/gameboard/Gameboard;Ljava/lang/Boolean;)V+17
j  org.uqbar.project.wollok.game.helpers.Application.start(Lorg/uqbar/project/wollok/game/gameboard/Gameboard;Ljava/lang/Boolean;)V+5
j  org.uqbar.project.wollok.game.gameboard.Gameboard.start(Ljava/lang/Boolean;)V+13
j  wollok.game.GameObject.doStart(Ljava/lang/Boolean;)V+12
v  ~StubRoutines::call_stub
j  sun.reflect.NativeMethodAccessorImpl.invoke0(Ljava/lang/reflect/Method;Ljava/lang/Object;[Ljava/lang/Object;)Ljava/lang/Object;+0
J 3145 C1 sun.reflect.NativeMethodAccessorImpl.invoke(Ljava/lang/Object;[Ljava/lang/Object;)Ljava/lang/Object; (104 bytes) @ 0x00000000039676d4 [0x00000000039672e0+0x3f4]
J 2337 C1 sun.reflect.DelegatingMethodAccessorImpl.invoke(Ljava/lang/Object;[Ljava/lang/Object;)Ljava/lang/Object; (10 bytes) @ 0x00000000037b4f4c [0x00000000037b4e40+0x10c]
J 2336 C1 java.lang.reflect.Method.invoke(Ljava/lang/Object;[Ljava/lang/Object;)Ljava/lang/Object; (62 bytes) @ 0x00000000037b4974 [0x00000000037b4580+0x3f4]
j  org.uqbar.project.wollok.ui.utils.XTendUtilExtensions.invokeConvertingArgs(Ljava/lang/reflect/Method;Ljava/lang/Object;[Ljava/lang/Object;)Lorg/uqbar/project/wollok/interpreter/core/WollokObject;+265
j  org.uqbar.project.wollok.interpreter.AbstractWollokCallable._invokeNative(Ljava/lang/Object;Ljava/lang/String;[Lorg/uqbar/project/wollok/interpreter/core/WollokObject;)Lorg/uqbar/project/wollok/interpreter/core/WollokObject;+41
j  org.uqbar.project.wollok.interpreter.AbstractWollokCallable.invokeNative(Ljava/lang/Object;Ljava/lang/String;[Lorg/uqbar/project/wollok/interpreter/core/WollokObject;)Lorg/uqbar/project/wollok/interpreter/core/WollokObject;+26
j  org.uqbar.project.wollok.interpreter.AbstractWollokCallable$1.apply()Lorg/uqbar/project/wollok/interpreter/core/WollokObject;+55
j  org.uqbar.project.wollok.interpreter.AbstractWollokCallable$1.apply()Ljava/lang/Object;+1
j  org.uqbar.project.wollok.interpreter.threads.WThread.performOnStack(Lorg/eclipse/emf/ecore/EObject;Lorg/uqbar/project/wollok/interpreter/context/EvaluationContext;Lorg/eclipse/xtext/xbase/lib/Functions$Function0;)Lorg/uqbar/project/wollok/interpreter/core/WollokObject;+29
j  org.uqbar.project.wollok.interpreter.WollokInterpreter.performOnStack(Lorg/eclipse/emf/ecore/EObject;Lorg/uqbar/project/wollok/interpreter/context/EvaluationContext;Lorg/eclipse/xtext/xbase/lib/Functions$Function0;)Lorg/uqbar/project/wollok/interpreter/core/WollokObject;+7
j  org.uqbar.project.wollok.interpreter.AbstractWollokCallable.call(Lorg/uqbar/project/wollok/wollokDsl/WMethodDeclaration;[Lorg/uqbar/project/wollok/interpreter/core/WollokObject;)Lorg/uqbar/project/wollok/interpreter/core/WollokObject;+38
j  org.uqbar.project.wollok.interpreter.core.WollokObject.call(Ljava/lang/String;[Lorg/uqbar/project/wollok/interpreter/core/WollokObject;)Lorg/uqbar/project/wollok/interpreter/core/WollokObject;+55
j  org.uqbar.project.wollok.interpreter.WollokInterpreterEvaluator._evaluate(Lorg/uqbar/project/wollok/wollokDsl/WFeatureCall;)Lorg/uqbar/project/wollok/interpreter/core/WollokObject;+119
J 3117 C1 org.uqbar.project.wollok.launch.WollokLauncherInterpreterEvaluator.evaluate(Lorg/eclipse/emf/ecore/EObject;)Lorg/uqbar/project/wollok/interpreter/core/WollokObject; (502 bytes) @ 0x0000000003957684 [0x0000000003956620+0x1064]
J 3118 C1 org.uqbar.project.wollok.interpreter.WollokInterpreter.eval(Lorg/eclipse/emf/ecore/EObject;)Lorg/uqbar/project/wollok/interpreter/core/WollokObject; (190 bytes) @ 0x000000000395ccdc [0x000000000395c8c0+0x41c]
j  org.uqbar.project.wollok.interpreter.WollokInterpreterEvaluator.eval(Lorg/eclipse/emf/ecore/EObject;)Lorg/uqbar/project/wollok/interpreter/core/WollokObject;+5
j  org.uqbar.project.wollok.interpreter.WollokInterpreterEvaluator$1.apply(Lorg/uqbar/project/wollok/interpreter/core/WollokObject;Lorg/eclipse/emf/ecore/EObject;)Lorg/uqbar/project/wollok/interpreter/core/WollokObject;+5
j  org.uqbar.project.wollok.interpreter.WollokInterpreterEvaluator$1.apply(Ljava/lang/Object;Ljava/lang/Object;)Ljava/lang/Object;+9
j  org.eclipse.xtext.xbase.lib.IteratorExtensions.fold(Ljava/util/Iterator;Ljava/lang/Object;Lorg/eclipse/xtext/xbase/lib/Functions$Function2;)Ljava/lang/Object;+19
j  org.eclipse.xtext.xbase.lib.IterableExtensions.fold(Ljava/lang/Iterable;Ljava/lang/Object;Lorg/eclipse/xtext/xbase/lib/Functions$Function2;)Ljava/lang/Object;+8
j  org.uqbar.project.wollok.interpreter.WollokInterpreterEvaluator.evalAll(Ljava/lang/Iterable;)Lorg/uqbar/project/wollok/interpreter/core/WollokObject;+12
j  org.uqbar.project.wollok.interpreter.WollokInterpreterEvaluator._evaluate(Lorg/uqbar/project/wollok/wollokDsl/WBlockExpression;)Lorg/uqbar/project/wollok/interpreter/core/WollokObject;+34
J 3117 C1 org.uqbar.project.wollok.launch.WollokLauncherInterpreterEvaluator.evaluate(Lorg/eclipse/emf/ecore/EObject;)Lorg/uqbar/project/wollok/interpreter/core/WollokObject; (502 bytes) @ 0x0000000003958384 [0x0000000003956620+0x1d64]
J 3118 C1 org.uqbar.project.wollok.interpreter.WollokInterpreter.eval(Lorg/eclipse/emf/ecore/EObject;)Lorg/uqbar/project/wollok/interpreter/core/WollokObject; (190 bytes) @ 0x000000000395ccdc [0x000000000395c8c0+0x41c]
j  org.uqbar.project.wollok.interpreter.AbstractWollokCallable.eval(Lorg/eclipse/emf/ecore/EObject;)Lorg/uqbar/project/wollok/interpreter/core/WollokObject;+5
j  org.uqbar.project.wollok.interpreter.AbstractWollokCallable$1.apply()Lorg/uqbar/project/wollok/interpreter/core/WollokObject;+110
j  org.uqbar.project.wollok.interpreter.AbstractWollokCallable$1.apply()Ljava/lang/Object;+1
j  org.uqbar.project.wollok.interpreter.threads.WThread.performOnStack(Lorg/eclipse/emf/ecore/EObject;Lorg/uqbar/project/wollok/interpreter/context/EvaluationContext;Lorg/eclipse/xtext/xbase/lib/Functions$Function0;)Lorg/uqbar/project/wollok/interpreter/core/WollokObject;+29
j  org.uqbar.project.wollok.interpreter.WollokInterpreter.performOnStack(Lorg/eclipse/emf/ecore/EObject;Lorg/uqbar/project/wollok/interpreter/context/EvaluationContext;Lorg/eclipse/xtext/xbase/lib/Functions$Function0;)Lorg/uqbar/project/wollok/interpreter/core/WollokObject;+7
j  org.uqbar.project.wollok.interpreter.AbstractWollokCallable.call(Lorg/uqbar/project/wollok/wollokDsl/WMethodDeclaration;[Lorg/uqbar/project/wollok/interpreter/core/WollokObject;)Lorg/uqbar/project/wollok/interpreter/core/WollokObject;+38
j  org.uqbar.project.wollok.interpreter.core.WollokObject.call(Ljava/lang/String;[Lorg/uqbar/project/wollok/interpreter/core/WollokObject;)Lorg/uqbar/project/wollok/interpreter/core/WollokObject;+55
j  org.uqbar.project.wollok.interpreter.WollokInterpreterEvaluator._evaluate(Lorg/uqbar/project/wollok/wollokDsl/WFeatureCall;)Lorg/uqbar/project/wollok/interpreter/core/WollokObject;+119
J 3117 C1 org.uqbar.project.wollok.launch.WollokLauncherInterpreterEvaluator.evaluate(Lorg/eclipse/emf/ecore/EObject;)Lorg/uqbar/project/wollok/interpreter/core/WollokObject; (502 bytes) @ 0x0000000003957684 [0x0000000003956620+0x1064]
J 3118 C1 org.uqbar.project.wollok.interpreter.WollokInterpreter.eval(Lorg/eclipse/emf/ecore/EObject;)Lorg/uqbar/project/wollok/interpreter/core/WollokObject; (190 bytes) @ 0x000000000395ccdc [0x000000000395c8c0+0x41c]
j  org.uqbar.project.wollok.interpreter.WollokInterpreterEvaluator.eval(Lorg/eclipse/emf/ecore/EObject;)Lorg/uqbar/project/wollok/interpreter/core/WollokObject;+5
j  org.uqbar.project.wollok.interpreter.WollokInterpreterEvaluator$1.apply(Lorg/uqbar/project/wollok/interpreter/core/WollokObject;Lorg/eclipse/emf/ecore/EObject;)Lorg/uqbar/project/wollok/interpreter/core/WollokObject;+5
j  org.uqbar.project.wollok.interpreter.WollokInterpreterEvaluator$1.apply(Ljava/lang/Object;Ljava/lang/Object;)Ljava/lang/Object;+9
j  org.eclipse.xtext.xbase.lib.IteratorExtensions.fold(Ljava/util/Iterator;Ljava/lang/Object;Lorg/eclipse/xtext/xbase/lib/Functions$Function2;)Ljava/lang/Object;+19
j  org.eclipse.xtext.xbase.lib.IterableExtensions.fold(Ljava/lang/Iterable;Ljava/lang/Object;Lorg/eclipse/xtext/xbase/lib/Functions$Function2;)Ljava/lang/Object;+8
j  org.uqbar.project.wollok.interpreter.WollokInterpreterEvaluator.evalAll(Ljava/lang/Iterable;)Lorg/uqbar/project/wollok/interpreter/core/WollokObject;+12
j  org.uqbar.project.wollok.interpreter.WollokInterpreterEvaluator._evaluate(Lorg/uqbar/project/wollok/wollokDsl/WBlockExpression;)Lorg/uqbar/project/wollok/interpreter/core/WollokObject;+34
j  org.uqbar.project.wollok.launch.WollokLauncherInterpreterEvaluator.evaluate(Lorg/eclipse/emf/ecore/EObject;)Lorg/uqbar/project/wollok/interpreter/core/WollokObject;+76
j  org.uqbar.project.wollok.interpreter.WollokInterpreterEvaluator.evaluate(Lorg/eclipse/emf/ecore/EObject;)Ljava/lang/Object;+2
j  org.uqbar.project.wollok.interpreter.WollokInterpreter.eval(Lorg/eclipse/emf/ecore/EObject;)Lorg/uqbar/project/wollok/interpreter/core/WollokObject;+63
j  org.uqbar.project.wollok.interpreter.AbstractWollokCallable.eval(Lorg/eclipse/emf/ecore/EObject;)Lorg/uqbar/project/wollok/interpreter/core/WollokObject;+5
j  org.uqbar.project.wollok.interpreter.AbstractWollokCallable$1.apply()Lorg/uqbar/project/wollok/interpreter/core/WollokObject;+110
j  org.uqbar.project.wollok.interpreter.AbstractWollokCallable$1.apply()Ljava/lang/Object;+1
j  org.uqbar.project.wollok.interpreter.threads.WThread.performOnStack(Lorg/eclipse/emf/ecore/EObject;Lorg/uqbar/project/wollok/interpreter/context/EvaluationContext;Lorg/eclipse/xtext/xbase/lib/Functions$Function0;)Lorg/uqbar/project/wollok/interpreter/core/WollokObject;+29
j  org.uqbar.project.wollok.interpreter.WollokInterpreter.performOnStack(Lorg/eclipse/emf/ecore/EObject;Lorg/uqbar/project/wollok/interpreter/context/EvaluationContext;Lorg/eclipse/xtext/xbase/lib/Functions$Function0;)Lorg/uqbar/project/wollok/interpreter/core/WollokObject;+7
j  org.uqbar.project.wollok.interpreter.AbstractWollokCallable.call(Lorg/uqbar/project/wollok/wollokDsl/WMethodDeclaration;[Lorg/uqbar/project/wollok/interpreter/core/WollokObject;)Lorg/uqbar/project/wollok/interpreter/core/WollokObject;+38
j  org.uqbar.project.wollok.interpreter.core.WollokObject.call(Ljava/lang/String;[Lorg/uqbar/project/wollok/interpreter/core/WollokObject;)Lorg/uqbar/project/wollok/interpreter/core/WollokObject;+55
j  org.uqbar.project.wollok.interpreter.WollokInterpreterEvaluator._evaluate(Lorg/uqbar/project/wollok/wollokDsl/WFeatureCall;)Lorg/uqbar/project/wollok/interpreter/core/WollokObject;+119
j  org.uqbar.project.wollok.launch.WollokLauncherInterpreterEvaluator.evaluate(Lorg/eclipse/emf/ecore/EObject;)Lorg/uqbar/project/wollok/interpreter/core/WollokObject;+412
j  org.uqbar.project.wollok.interpreter.WollokInterpreterEvaluator.evaluate(Lorg/eclipse/emf/ecore/EObject;)Ljava/lang/Object;+2
j  org.uqbar.project.wollok.interpreter.WollokInterpreter.eval(Lorg/eclipse/emf/ecore/EObject;)Lorg/uqbar/project/wollok/interpreter/core/WollokObject;+63
j  org.uqbar.project.wollok.interpreter.WollokInterpreterEvaluator.eval(Lorg/eclipse/emf/ecore/EObject;)Lorg/uqbar/project/wollok/interpreter/core/WollokObject;+5
j  org.uqbar.project.wollok.interpreter.WollokInterpreterEvaluator$1.apply(Lorg/uqbar/project/wollok/interpreter/core/WollokObject;Lorg/eclipse/emf/ecore/EObject;)Lorg/uqbar/project/wollok/interpreter/core/WollokObject;+5
j  org.uqbar.project.wollok.interpreter.WollokInterpreterEvaluator$1.apply(Ljava/lang/Object;Ljava/lang/Object;)Ljava/lang/Object;+9
j  org.eclipse.xtext.xbase.lib.IteratorExtensions.fold(Ljava/util/Iterator;Ljava/lang/Object;Lorg/eclipse/xtext/xbase/lib/Functions$Function2;)Ljava/lang/Object;+19
j  org.eclipse.xtext.xbase.lib.IterableExtensions.fold(Ljava/lang/Iterable;Ljava/lang/Object;Lorg/eclipse/xtext/xbase/lib/Functions$Function2;)Ljava/lang/Object;+8
j  org.uqbar.project.wollok.interpreter.WollokInterpreterEvaluator.evalAll(Ljava/lang/Iterable;)Lorg/uqbar/project/wollok/interpreter/core/WollokObject;+12
j  org.uqbar.project.wollok.interpreter.WollokInterpreterEvaluator._evaluate(Lorg/uqbar/project/wollok/wollokDsl/WProgram;)Lorg/uqbar/project/wollok/interpreter/core/WollokObject;+18
j  org.uqbar.project.wollok.launch.WollokLauncherInterpreterEvaluator.evaluate(Lorg/eclipse/emf/ecore/EObject;)Lorg/uqbar/project/wollok/interpreter/core/WollokObject;+444
j  org.uqbar.project.wollok.interpreter.WollokInterpreterEvaluator.evaluate(Lorg/eclipse/emf/ecore/EObject;)Ljava/lang/Object;+2
j  org.uqbar.project.wollok.interpreter.WollokInterpreter.eval(Lorg/eclipse/emf/ecore/EObject;)Lorg/uqbar/project/wollok/interpreter/core/WollokObject;+63
j  org.uqbar.project.wollok.interpreter.WollokInterpreterEvaluator.eval(Lorg/eclipse/emf/ecore/EObject;)Lorg/uqbar/project/wollok/interpreter/core/WollokObject;+5
j  org.uqbar.project.wollok.launch.WollokLauncherInterpreterEvaluator._evaluate(Lorg/uqbar/project/wollok/wollokDsl/WFile;)Lorg/uqbar/project/wollok/interpreter/core/WollokObject;+32
j  org.uqbar.project.wollok.launch.WollokLauncherInterpreterEvaluator.evaluate(Lorg/eclipse/emf/ecore/EObject;)Lorg/uqbar/project/wollok/interpreter/core/WollokObject;+428
j  org.uqbar.project.wollok.interpreter.WollokInterpreterEvaluator.evaluate(Lorg/eclipse/emf/ecore/EObject;)Ljava/lang/Object;+2
j  org.uqbar.project.wollok.interpreter.WollokInterpreter.interpret(Lorg/eclipse/emf/ecore/EObject;Ljava/lang/Boolean;)Lorg/uqbar/project/wollok/interpreter/core/WollokObject;+25
j  org.uqbar.project.wollok.interpreter.WollokInterpreter.interpret(Lorg/eclipse/emf/ecore/EObject;)Lorg/uqbar/project/wollok/interpreter/core/WollokObject;+8
j  org.uqbar.project.wollok.launch.WollokLauncher.doSomething(Lorg/uqbar/project/wollok/wollokDsl/WFile;Lcom/google/inject/Injector;Ljava/io/File;Lorg/uqbar/project/wollok/launch/WollokLauncherParameters;)V+57
j  org.uqbar.project.wollok.launch.WollokChecker.launch(Ljava/lang/String;Lorg/uqbar/project/wollok/launch/WollokLauncherParameters;)V+31
j  org.uqbar.project.wollok.launch.WollokChecker.doMain([Ljava/lang/String;)V+213
j  org.uqbar.project.wollok.launch.WollokLauncher.main([Ljava/lang/String;)V+8
v  ~StubRoutines::call_stub

---------------  P R O C E S S  ---------------

Java Threads: ( => current thread )
  0x000000001fc70000 JavaThread "com.google.inject.internal.util.$Finalizer" daemon [_thread_blocked, id=12864, stack(0x0000000021270000,0x0000000021370000)]
  0x000000001ff07800 JavaThread "EMF Reference Cleaner" daemon [_thread_blocked, id=7244, stack(0x0000000020f70000,0x0000000021070000)]
  0x000000001ea4f000 JavaThread "Service Thread" daemon [_thread_blocked, id=10028, stack(0x000000001f5a0000,0x000000001f6a0000)]
  0x000000001ea07800 JavaThread "C1 CompilerThread3" daemon [_thread_blocked, id=3176, stack(0x000000001f4a0000,0x000000001f5a0000)]
  0x000000001e9d1000 JavaThread "C2 CompilerThread2" daemon [_thread_in_native, id=12840, stack(0x000000001f3a0000,0x000000001f4a0000)]
  0x000000001e9b5000 JavaThread "C2 CompilerThread1" daemon [_thread_in_native, id=2500, stack(0x000000001f2a0000,0x000000001f3a0000)]
  0x000000001e9ae000 JavaThread "C2 CompilerThread0" daemon [_thread_blocked, id=8348, stack(0x000000001f1a0000,0x000000001f2a0000)]
  0x000000001e9ad000 JavaThread "Attach Listener" daemon [_thread_blocked, id=5612, stack(0x000000001f0a0000,0x000000001f1a0000)]
  0x000000001e9ac000 JavaThread "Signal Dispatcher" daemon [_thread_blocked, id=5396, stack(0x000000001efa0000,0x000000001f0a0000)]
  0x000000001e9a0800 JavaThread "Finalizer" daemon [_thread_blocked, id=9308, stack(0x000000001ed80000,0x000000001ee80000)]
  0x000000001caad000 JavaThread "Reference Handler" daemon [_thread_blocked, id=3844, stack(0x000000001e880000,0x000000001e980000)]
=>0x0000000002ef5800 JavaThread "main" [_thread_in_native, id=9172, stack(0x0000000002df0000,0x0000000002ef0000)]

Other Threads:
  0x000000001caa9000 VMThread [stack: 0x000000001e780000,0x000000001e880000] [id=7896]
  0x000000001ea58800 WatcherThread [stack: 0x000000001f6a0000,0x000000001f7a0000] [id=9808]

VM state:not at safepoint (normal execution)

VM Mutex/Monitor currently owned by a thread: None

heap address: 0x00000006c0a00000, size: 4086 MB, Compressed Oops mode: Zero based, Oop shift amount: 3
Narrow klass base: 0x0000000000000000, Narrow klass shift: 3
Compressed class space size: 1073741824 Address: 0x00000007c0000000

Heap:
 PSYoungGen      total 141824K, used 74739K [0x000000076ae00000, 0x0000000774300000, 0x00000007c0000000)
  eden space 131072K, 48% used [0x000000076ae00000,0x000000076ec80748,0x0000000772e00000)
  from space 10752K, 99% used [0x0000000773880000,0x00000007742fc760,0x0000000774300000)
  to   space 10752K, 0% used [0x0000000772e00000,0x0000000772e00000,0x0000000773880000)
 ParOldGen       total 175104K, used 11410K [0x00000006c0a00000, 0x00000006cb500000, 0x000000076ae00000)
  object space 175104K, 6% used [0x00000006c0a00000,0x00000006c15249e0,0x00000006cb500000)
 Metaspace       used 20194K, capacity 20448K, committed 20608K, reserved 1067008K
  class space    used 2612K, capacity 2664K, committed 2688K, reserved 1048576K

Card table byte_map: [0x00000000123b0000,0x0000000012bb0000] byte_map_base: 0x000000000edab000

Marking Bits: (ParMarkBitMap*) 0x000000006c656d90
 Begin Bits: [0x0000000013910000, 0x00000000178e8000)
 End Bits:   [0x00000000178e8000, 0x000000001b8c0000)

Polling page: 0x0000000000eb0000

CodeCache: size=245760Kb used=10142Kb max_used=10211Kb free=235617Kb
 bounds [0x0000000002ff0000, 0x0000000003a00000, 0x0000000011ff0000]
 total_blobs=3654 nmethods=3231 adapters=335
 compilation: enabled

Compilation events (10 events):
Event: 1.590 Thread 0x000000001e9d1000 2678       4       org.eclipse.emf.common.util.ArrayDelegatingEList::size (16 bytes)
Event: 1.591 Thread 0x000000001e9d1000 nmethod 2678 0x00000000039aca90 code [0x00000000039acbe0, 0x00000000039acd38]
Event: 1.591 Thread 0x000000001e9d1000 2810       4       java.lang.Integer::valueOf (32 bytes)
Event: 1.592 Thread 0x000000001e9d1000 nmethod 2810 0x00000000039bfe10 code [0x00000000039bff60, 0x00000000039c0038]
Event: 1.592 Thread 0x000000001e9d1000 2418       4       org.eclipse.emf.ecore.impl.MinimalEObjectImpl::setField (63 bytes)
Event: 1.596 Thread 0x000000001e9d1000 nmethod 2418 0x00000000039ad5d0 code [0x00000000039ad760, 0x00000000039add98]
Event: 1.596 Thread 0x000000001e9d1000 2881       4       com.google.common.collect.Iterators$7::computeNext (45 bytes)
Event: 1.597 Thread 0x000000001e9d1000 nmethod 2881 0x00000000039ae310 code [0x00000000039ae460, 0x00000000039ae578]
Event: 1.600 Thread 0x000000001e9ae000 nmethod 2449 0x00000000039c1690 code [0x00000000039c23c0, 0x00000000039d04c0]
Event: 1.604 Thread 0x000000001e9d1000 3236       4       java.io.WinNTFileSystem::normalize (143 bytes)

GC Heap History (4 events):
Event: 0.480 GC heap before
{Heap before GC invocations=1 (full 0):
 PSYoungGen      total 76288K, used 65536K [0x000000076ae00000, 0x0000000770300000, 0x00000007c0000000)
  eden space 65536K, 100% used [0x000000076ae00000,0x000000076ee00000,0x000000076ee00000)
  from space 10752K, 0% used [0x000000076f880000,0x000000076f880000,0x0000000770300000)
  to   space 10752K, 0% used [0x000000076ee00000,0x000000076ee00000,0x000000076f880000)
 ParOldGen       total 175104K, used 0K [0x00000006c0a00000, 0x00000006cb500000, 0x000000076ae00000)
  object space 175104K, 0% used [0x00000006c0a00000,0x00000006c0a00000,0x00000006cb500000)
 Metaspace       used 8979K, capacity 9070K, committed 9088K, reserved 1056768K
  class space    used 1114K, capacity 1141K, committed 1152K, reserved 1048576K
Event: 0.485 GC heap after
Heap after GC invocations=1 (full 0):
 PSYoungGen      total 76288K, used 10746K [0x000000076ae00000, 0x0000000774300000, 0x00000007c0000000)
  eden space 65536K, 0% used [0x000000076ae00000,0x000000076ae00000,0x000000076ee00000)
  from space 10752K, 99% used [0x000000076ee00000,0x000000076f87ebc0,0x000000076f880000)
  to   space 10752K, 0% used [0x0000000773880000,0x0000000773880000,0x0000000774300000)
 ParOldGen       total 175104K, used 2084K [0x00000006c0a00000, 0x00000006cb500000, 0x000000076ae00000)
  object space 175104K, 1% used [0x00000006c0a00000,0x00000006c0c092f8,0x00000006cb500000)
 Metaspace       used 8979K, capacity 9070K, committed 9088K, reserved 1056768K
  class space    used 1114K, capacity 1141K, committed 1152K, reserved 1048576K
}
Event: 0.924 GC heap before
{Heap before GC invocations=2 (full 0):
 PSYoungGen      total 76288K, used 76282K [0x000000076ae00000, 0x0000000774300000, 0x00000007c0000000)
  eden space 65536K, 100% used [0x000000076ae00000,0x000000076ee00000,0x000000076ee00000)
  from space 10752K, 99% used [0x000000076ee00000,0x000000076f87ebc0,0x000000076f880000)
  to   space 10752K, 0% used [0x0000000773880000,0x0000000773880000,0x0000000774300000)
 ParOldGen       total 175104K, used 2084K [0x00000006c0a00000, 0x00000006cb500000, 0x000000076ae00000)
  object space 175104K, 1% used [0x00000006c0a00000,0x00000006c0c092f8,0x00000006cb500000)
 Metaspace       used 16042K, capacity 16182K, committed 16640K, reserved 1062912K
  class space    used 2139K, capacity 2177K, committed 2304K, reserved 1048576K
Event: 0.933 GC heap after
Heap after GC invocations=2 (full 0):
 PSYoungGen      total 141824K, used 10737K [0x000000076ae00000, 0x0000000774300000, 0x00000007c0000000)
  eden space 131072K, 0% used [0x000000076ae00000,0x000000076ae00000,0x0000000772e00000)
  from space 10752K, 99% used [0x0000000773880000,0x00000007742fc760,0x0000000774300000)
  to   space 10752K, 0% used [0x0000000772e00000,0x0000000772e00000,0x0000000773880000)
 ParOldGen       total 175104K, used 11410K [0x00000006c0a00000, 0x00000006cb500000, 0x000000076ae00000)
  object space 175104K, 6% used [0x00000006c0a00000,0x00000006c15249e0,0x00000006cb500000)
 Metaspace       used 16042K, capacity 16182K, committed 16640K, reserved 1062912K
  class space    used 2139K, capacity 2177K, committed 2304K, reserved 1048576K
}

Deoptimization events (10 events):
Event: 1.131 Thread 0x0000000002ef5800 Uncommon trap: reason=array_check action=maybe_recompile pc=0x0000000003769e9c method=org.eclipse.emf.common.util.BasicEList.assign(ILjava/lang/Object;)Ljava/lang/Object; @ 6
Event: 1.131 Thread 0x0000000002ef5800 Uncommon trap: reason=array_check action=maybe_recompile pc=0x0000000003769e9c method=org.eclipse.emf.common.util.BasicEList.assign(ILjava/lang/Object;)Ljava/lang/Object; @ 6
Event: 1.131 Thread 0x0000000002ef5800 Uncommon trap: reason=array_check action=maybe_recompile pc=0x0000000003769e9c method=org.eclipse.emf.common.util.BasicEList.assign(ILjava/lang/Object;)Ljava/lang/Object; @ 6
Event: 1.140 Thread 0x0000000002ef5800 Uncommon trap: reason=bimorphic action=maybe_recompile pc=0x000000000375a21c method=org.eclipse.emf.common.util.AbstractTreeIterator.next()Ljava/lang/Object; @ 153
Event: 1.140 Thread 0x0000000002ef5800 Uncommon trap: reason=bimorphic action=maybe_recompile pc=0x000000000375a21c method=org.eclipse.emf.common.util.AbstractTreeIterator.next()Ljava/lang/Object; @ 153
Event: 1.140 Thread 0x0000000002ef5800 Uncommon trap: reason=bimorphic action=maybe_recompile pc=0x000000000375a21c method=org.eclipse.emf.common.util.AbstractTreeIterator.next()Ljava/lang/Object; @ 153
Event: 1.140 Thread 0x0000000002ef5800 Uncommon trap: reason=bimorphic action=maybe_recompile pc=0x000000000375a21c method=org.eclipse.emf.common.util.AbstractTreeIterator.next()Ljava/lang/Object; @ 153
Event: 1.189 Thread 0x0000000002ef5800 Uncommon trap: reason=array_check action=maybe_recompile pc=0x0000000003769e9c method=org.eclipse.emf.common.util.BasicEList.assign(ILjava/lang/Object;)Ljava/lang/Object; @ 6
Event: 1.283 Thread 0x0000000002ef5800 Uncommon trap: reason=unstable_if action=reinterpret pc=0x0000000003511ffc method=java.util.concurrent.ConcurrentHashMap.putVal(Ljava/lang/Object;Ljava/lang/Object;Z)Ljava/lang/Object; @ 181
Event: 1.496 Thread 0x0000000002ef5800 Uncommon trap: reason=unstable_if action=reinterpret pc=0x00000000035dd0e4 method=sun.security.provider.DigestBase.engineUpdate([BII)V @ 1

Classes redefined (0 events):
No events

Internal exceptions (10 events):
Event: 1.337 Thread 0x0000000002ef5800 Exception <a 'java/lang/reflect/InvocationTargetException'> (0x000000076d6b71c0) thrown at [C:\re\workspace\8-2-build-windows-amd64-cygwin\jdk8u231\13620\hotspot\src\share\vm\runtime\reflection.cpp, line 1092]
Event: 1.342 Thread 0x0000000002ef5800 Exception <a 'java/lang/reflect/InvocationTargetException'> (0x000000076d732910) thrown at [C:\re\workspace\8-2-build-windows-amd64-cygwin\jdk8u231\13620\hotspot\src\share\vm\runtime\reflection.cpp, line 1092]
Event: 1.342 Thread 0x0000000002ef5800 Exception <a 'java/lang/reflect/InvocationTargetException'> (0x000000076d74caa8) thrown at [C:\re\workspace\8-2-build-windows-amd64-cygwin\jdk8u231\13620\hotspot\src\share\vm\runtime\reflection.cpp, line 1092]
Event: 1.343 Thread 0x0000000002ef5800 Exception <a 'java/lang/reflect/InvocationTargetException'> (0x000000076d766c80) thrown at [C:\re\workspace\8-2-build-windows-amd64-cygwin\jdk8u231\13620\hotspot\src\share\vm\runtime\reflection.cpp, line 1092]
Event: 1.583 Thread 0x0000000002ef5800 Exception <a 'java/security/PrivilegedActionException'> (0x000000076eafbf70) thrown at [C:\re\workspace\8-2-build-windows-amd64-cygwin\jdk8u231\13620\hotspot\src\share\vm\prims\jvm.cpp, line 1502]
Event: 1.583 Thread 0x0000000002ef5800 Exception <a 'java/security/PrivilegedActionException'> (0x000000076eafd4a0) thrown at [C:\re\workspace\8-2-build-windows-amd64-cygwin\jdk8u231\13620\hotspot\src\share\vm\prims\jvm.cpp, line 1502]
Event: 1.583 Thread 0x0000000002ef5800 Exception <a 'java/security/PrivilegedActionException'> (0x000000076eafe8d0) thrown at [C:\re\workspace\8-2-build-windows-amd64-cygwin\jdk8u231\13620\hotspot\src\share\vm\prims\jvm.cpp, line 1502]
Event: 1.583 Thread 0x0000000002ef5800 Exception <a 'java/security/PrivilegedActionException'> (0x000000076eafff90) thrown at [C:\re\workspace\8-2-build-windows-amd64-cygwin\jdk8u231\13620\hotspot\src\share\vm\prims\jvm.cpp, line 1502]
Event: 1.583 Thread 0x0000000002ef5800 Exception <a 'java/security/PrivilegedActionException'> (0x000000076eb01388) thrown at [C:\re\workspace\8-2-build-windows-amd64-cygwin\jdk8u231\13620\hotspot\src\share\vm\prims\jvm.cpp, line 1502]
Event: 1.583 Thread 0x0000000002ef5800 Exception <a 'java/security/PrivilegedActionException'> (0x000000076eb02750) thrown at [C:\re\workspace\8-2-build-windows-amd64-cygwin\jdk8u231\13620\hotspot\src\share\vm\prims\jvm.cpp, line 1502]

Events (10 events):
Event: 1.603 loading class org/lwjgl/openal/ALCdevice
Event: 1.603 loading class org/lwjgl/openal/ALCdevice done
Event: 1.603 loading class org/lwjgl/openal/ALCcontext
Event: 1.603 loading class org/lwjgl/openal/ALCcontext done
Event: 1.604 loading class java/nio/DirectIntBufferU
Event: 1.604 loading class java/nio/DirectIntBufferU done
Event: 1.604 loading class org/lwjgl/openal/Util
Event: 1.604 loading class org/lwjgl/openal/Util done
Event: 1.604 loading class org/lwjgl/openal/OpenALException
Event: 1.604 loading class org/lwjgl/openal/OpenALException done


Dynamic libraries:
0x00007ff6e4b60000 - 0x00007ff6e4b97000 	C:\Program Files\Java\jre1.8.0_231\bin\javaw.exe
0x00007ffacfa60000 - 0x00007ffacfc50000 	C:\WINDOWS\SYSTEM32\ntdll.dll
0x00007fface1d0000 - 0x00007fface282000 	C:\WINDOWS\System32\KERNEL32.DLL
0x00007ffacd340000 - 0x00007ffacd5e3000 	C:\WINDOWS\System32\KERNELBASE.dll
0x00007ffacf770000 - 0x00007ffacf813000 	C:\WINDOWS\System32\ADVAPI32.dll
0x00007ffacdb80000 - 0x00007ffacdc1e000 	C:\WINDOWS\System32\msvcrt.dll
0x00007ffacf6d0000 - 0x00007ffacf767000 	C:\WINDOWS\System32\sechost.dll
0x00007fface980000 - 0x00007ffaceaa0000 	C:\WINDOWS\System32\RPCRT4.dll
0x00007ffacde80000 - 0x00007fface014000 	C:\WINDOWS\System32\USER32.dll
0x00007ffaccb90000 - 0x00007ffaccbb1000 	C:\WINDOWS\System32\win32u.dll
0x00007ffacde50000 - 0x00007ffacde76000 	C:\WINDOWS\System32\GDI32.dll
0x00007ffacd970000 - 0x00007ffacdb04000 	C:\WINDOWS\System32\gdi32full.dll
0x00007ffaccaf0000 - 0x00007ffaccb8e000 	C:\WINDOWS\System32\msvcp_win.dll
0x00007ffacc9f0000 - 0x00007ffaccaea000 	C:\WINDOWS\System32\ucrtbase.dll
0x00007ffabecb0000 - 0x00007ffabef35000 	C:\WINDOWS\WinSxS\amd64_microsoft.windows.common-controls_6595b64144ccf1df_6.0.18362.476_none_e6c4b11b130f2595\COMCTL32.dll
0x00007fface5d0000 - 0x00007fface906000 	C:\WINDOWS\System32\combase.dll
0x00007ffacd840000 - 0x00007ffacd8c0000 	C:\WINDOWS\System32\bcryptPrimitives.dll
0x00007ffacf9f0000 - 0x00007ffacfa1e000 	C:\WINDOWS\System32\IMM32.DLL
0x000000006bc70000 - 0x000000006bd42000 	C:\Program Files\Java\jre1.8.0_231\bin\msvcr100.dll
0x000000006be30000 - 0x000000006c6d6000 	C:\Program Files\Java\jre1.8.0_231\bin\server\jvm.dll
0x00007ffacf9e0000 - 0x00007ffacf9e8000 	C:\WINDOWS\System32\PSAPI.DLL
0x00007ffaca1c0000 - 0x00007ffaca1e4000 	C:\WINDOWS\SYSTEM32\WINMM.dll
0x00007ffab8970000 - 0x00007ffab8979000 	C:\WINDOWS\SYSTEM32\WSOCK32.dll
0x00007ffac5780000 - 0x00007ffac578a000 	C:\WINDOWS\SYSTEM32\VERSION.dll
0x00007fface910000 - 0x00007fface97f000 	C:\WINDOWS\System32\WS2_32.dll
0x00007ffaca160000 - 0x00007ffaca18d000 	C:\WINDOWS\SYSTEM32\WINMMBASE.dll
0x00007ffacd790000 - 0x00007ffacd7da000 	C:\WINDOWS\System32\cfgmgr32.dll
0x00007ffac9150000 - 0x00007ffac915f000 	C:\Program Files\Java\jre1.8.0_231\bin\verify.dll
0x00007ffabe590000 - 0x00007ffabe5b9000 	C:\Program Files\Java\jre1.8.0_231\bin\java.dll
0x00007ffac0ec0000 - 0x00007ffac0ed6000 	C:\Program Files\Java\jre1.8.0_231\bin\zip.dll
0x00007ffacef10000 - 0x00007ffacf5f5000 	C:\WINDOWS\System32\SHELL32.dll
0x00007fface100000 - 0x00007fface1a9000 	C:\WINDOWS\System32\shcore.dll
0x00007ffaccbc0000 - 0x00007ffacd33e000 	C:\WINDOWS\System32\windows.storage.dll
0x00007ffacc960000 - 0x00007ffacc97f000 	C:\WINDOWS\System32\profapi.dll
0x00007ffacc980000 - 0x00007ffacc9ca000 	C:\WINDOWS\System32\powrprof.dll
0x00007ffacc930000 - 0x00007ffacc940000 	C:\WINDOWS\System32\UMPDC.dll
0x00007fface0a0000 - 0x00007fface0f2000 	C:\WINDOWS\System32\shlwapi.dll
0x00007ffacc940000 - 0x00007ffacc951000 	C:\WINDOWS\System32\kernel.appcore.dll
0x00007ffacd740000 - 0x00007ffacd757000 	C:\WINDOWS\System32\cryptsp.dll
0x0000000065580000 - 0x0000000065616000 	C:\Users\hdp4f\AppData\Local\Temp\libgdxhdp4f\12dfaa03\gdx64.dll
0x00007ffacbd10000 - 0x00007ffacbd43000 	C:\WINDOWS\system32\rsaenh.dll
0x00007ffacd760000 - 0x00007ffacd786000 	C:\WINDOWS\System32\bcrypt.dll
0x00007ffacc850000 - 0x00007ffacc875000 	C:\WINDOWS\SYSTEM32\USERENV.dll
0x00007ffacc370000 - 0x00007ffacc37c000 	C:\WINDOWS\SYSTEM32\CRYPTBASE.dll
0x00007ffaba420000 - 0x00007ffaba43a000 	C:\Program Files\Java\jre1.8.0_231\bin\net.dll
0x00007ffacc1a0000 - 0x00007ffacc207000 	C:\WINDOWS\system32\mswsock.dll
0x00007ffacbeb0000 - 0x00007ffacbeea000 	C:\WINDOWS\SYSTEM32\IPHLPAPI.DLL
0x00007fface3d0000 - 0x00007fface3d8000 	C:\WINDOWS\System32\NSI.dll
0x00007ffac5790000 - 0x00007ffac57a6000 	C:\WINDOWS\SYSTEM32\dhcpcsvc6.DLL
0x00007ffac5760000 - 0x00007ffac577c000 	C:\WINDOWS\SYSTEM32\dhcpcsvc.DLL
0x00007ffacbef0000 - 0x00007ffacbfba000 	C:\WINDOWS\SYSTEM32\DNSAPI.dll
0x00007ffaba400000 - 0x00007ffaba412000 	C:\Program Files\Java\jre1.8.0_231\bin\nio.dll
0x0000000180000000 - 0x0000000180053000 	C:\Users\hdp4f\AppData\Local\Temp\libgdxhdp4f\dc0f0009\lwjgl64.dll
0x00007ffaa3c60000 - 0x00007ffaa3db6000 	C:\WINDOWS\SYSTEM32\OPENGL32.dll
0x00007ffab2850000 - 0x00007ffab287c000 	C:\WINDOWS\SYSTEM32\GLU32.dll
0x00007ffacb5a0000 - 0x00007ffacb5c0000 	C:\WINDOWS\SYSTEM32\dxcore.dll
0x0000000002c30000 - 0x0000000002c94000 	C:\Users\hdp4f\AppData\Local\Temp\libgdxhdp4f\dc0f0009\OpenAL64.dll
0x00007ffacf880000 - 0x00007ffacf9d6000 	C:\WINDOWS\System32\ole32.dll
0x00007ffaca9e0000 - 0x00007ffacaa79000 	C:\WINDOWS\system32\uxtheme.dll
0x00007fface3f0000 - 0x00007fface492000 	C:\WINDOWS\System32\clbcatq.dll
0x00007ffa93780000 - 0x00007ffa93819000 	C:\WINDOWS\SYSTEM32\dsound.dll
0x00007ffac5820000 - 0x00007ffac5892000 	C:\WINDOWS\System32\MMDevApi.dll
0x00007ffacc730000 - 0x00007ffacc75a000 	C:\WINDOWS\System32\DEVOBJ.dll
0x00007ffac6820000 - 0x00007ffac697d000 	C:\WINDOWS\SYSTEM32\AUDIOSES.DLL
0x00007fface4a0000 - 0x00007fface564000 	C:\WINDOWS\System32\OLEAUT32.dll
0x00007ffac8830000 - 0x00007ffac8983000 	C:\WINDOWS\SYSTEM32\wintypes.dll
0x00007ffacb320000 - 0x00007ffacb514000 	C:\WINDOWS\SYSTEM32\dbghelp.dll

VM Arguments:
jvm_args: -Duser.language=es_ES -Dfile.encoding=UTF-8 
java_command: org.uqbar.project.wollok.launch.WollokLauncher -requestsPort 0 -eventsPort 0 -folder -dontValidate -wf src/juego.wpgm
java_class_path (initial): C:\Users\hdp4f\git\2019s2-tp-juego-juego-pacman-pablo-nico-juan3\bin;A:\wollok-win32.win32.x86_64\plugins\com.ibm.icu_56.1.0.v201601250100.jar;A:\wollok-win32.win32.x86_64\plugins\org.eclipse.xtext_2.11.0.v20170130-0808.jar;A:\wollok-win32.win32.x86_64\plugins\org.eclipse.emf.ecore.xmi_2.12.0.v20160420-0247.jar;A:\wollok-win32.win32.x86_64\plugins\org.eclipse.emf.ecore_2.12.0.v20160420-0247.jar;A:\wollok-win32.win32.x86_64\plugins\org.eclipse.emf.common_2.12.0.v20160420-0247.jar;A:\wollok-win32.win32.x86_64\plugins\org.antlr.runtime_3.2.0.v201101311130.jar;A:\wollok-win32.win32.x86_64\plugins\com.google.inject_3.0.0.v201605172100.jar;A:\wollok-win32.win32.x86_64\plugins\org.eclipse.emf.mwe.core_1.5.0.201906111547.jar;A:\wollok-win32.win32.x86_64\plugins\org.apache.commons.cli_1.2.0.v201404270220.jar;A:\wollok-win32.win32.x86_64\plugins\org.eclipse.emf.mwe2.runtime_2.11.0.201906111547.jar;A:\wollok-win32.win32.x86_64\plugins\org.eclipse.emf.mwe.utils_1.5.0.201906111547.jar;A:\wollok-win32.win32.x86_64\plugins\org.eclipse.xtext.util_2.11.0.v20170130-0808.jar;A:\wollok-win32.win32.x86_64\plugins\com.google.guava_15.0.0.v201403281430.jar;A:\wollok-win32.win32.x86_64\plugins\javax.inject_1.0.0.v20091030.jar;A:\wollok-win32.win32.x86_64\plugins\org.eclipse.xtext.generator_2.11.0.v20170131-1210.jar;A:\wollok-win32.win32.x86_64\plugins\org.eclipse.xtext.xtext.generator_2.11.0.v20170130-0808.jar;A:\wollok-win32.win32.x86_64\plugins\org.eclipse.xtext.xbase.lib_2.11.0.v20170124-1424.jar;A:\wollok-win32.win32.x86_64\plugins\org.eclipse.emf.codegen.ecore_2.12.0.v20160526-0356.jar;A:\wollok-win32.win32.x86_64\plugins\org.eclipse.emf.codegen_2.11.0.v20160526-0356.jar;A:\wollok-win32.win32.x86_64\plugins\org.eclipse.xtend_2.2.0.v201605260315.jar;A:\wollok-win32.win32.x86_64\plugins\org.eclipse.xpand_2.2.0.v201605260315.jar;A:\wollok-win32.win32.x86_64\plugins\org.eclipse.xtend.typesystem.emf_2.2.0.v201605260315.jar;A:\wollok-win32.win32.x86_64\plugins\o
Launcher Type: SUN_STANDARD

Environment Variables:
PATH=C:/Program Files/Java/jre1.8.0_231/bin/server;C:/Program Files/Java/jre1.8.0_231/bin;C:/Program Files/Java/jre1.8.0_231/lib/amd64;C:\Program Files (x86)\Common Files\Oracle\Java\javapath;C:\Windows\system32;C:\Windows;C:\Windows\System32\Wbem;C:\Windows\System32\WindowsPowerShell\v1.0\;C:\Windows\System32\OpenSSH\;C:\Program Files\NVIDIA Corporation\NVIDIA NvDLISR;C:\Program Files (x86)\NVIDIA Corporation\PhysX\Common;C:\WINDOWS\system32;C:\WINDOWS;C:\WINDOWS\System32\Wbem;C:\WINDOWS\System32\WindowsPowerShell\v1.0\;C:\WINDOWS\System32\OpenSSH\;C:\Users\hdp4f\AppData\Local\Microsoft\WindowsApps;;A:\PyCharm Community Edition 2019.2\bin;;A:\wollok-win32.win32.x86_64;
USERNAME=hdp4f
OS=Windows_NT
PROCESSOR_IDENTIFIER=Intel64 Family 6 Model 158 Stepping 9, GenuineIntel



---------------  S Y S T E M  ---------------

OS: Windows 10.0 , 64 bit Build 18362 (10.0.18362.329)

CPU:total 8 (initial active 8) (4 cores per cpu, 2 threads per core) family 6 model 158 stepping 9, cmov, cx8, fxsr, mmx, sse, sse2, sse3, ssse3, sse4.1, sse4.2, popcnt, avx, avx2, aes, clmul, erms, rtm, 3dnowpref, lzcnt, ht, tsc, tscinvbit, bmi1, bmi2, adx

Memory: 4k page, physical 16728612k(11136932k free), swap 17777188k(9157064k free)

vm_info: Java HotSpot(TM) 64-Bit Server VM (25.231-b11) for windows-amd64 JRE (1.8.0_231-b11), built on Oct  5 2019 03:11:30 by "java_re" with MS VC++ 10.0 (VS2010)

time: Mon Nov 25 17:02:39 2019
timezone: Hora estándar de Argentina
elapsed time: 1 seconds (0d 0h 0m 1s)

